<?xml version="1.0" encoding="UTF-8"?>
<testng-results skipped="0" failed="0" ignored="0" total="1" passed="1">
  <reporter-output>
  </reporter-output>
  <suite name="Suite" duration-ms="19398" started-at="2020-12-17T06:28:15Z" finished-at="2020-12-17T06:28:35Z">
    <groups>
    </groups>
    <test name="RegressionTests" duration-ms="19398" started-at="2020-12-17T06:28:15Z" finished-at="2020-12-17T06:28:35Z">
      <class name="com.weatherInfo.tests.WeatherInfoHomeTest">
        <test-method status="PASS" signature="LaunchSetup()[pri:0, instance:com.weatherInfo.tests.WeatherInfoHomeTest@32eebfca]" name="LaunchSetup" is-config="true" duration-ms="17513" started-at="2020-12-17T06:28:15Z" finished-at="2020-12-17T06:28:33Z">
          <reporter-output>
          </reporter-output>
        </test-method> <!-- LaunchSetup -->
        <test-method status="PASS" signature="getCityWeatherdetails()[pri:0, instance:com.weatherInfo.tests.WeatherInfoHomeTest@32eebfca]" name="getCityWeatherdetails" duration-ms="19" started-at="2020-12-17T06:28:33Z" finished-at="2020-12-17T06:28:33Z">
          <reporter-output>
          </reporter-output>
        </test-method> <!-- getCityWeatherdetails -->
        <test-method status="PASS" signature="teardown()[pri:0, instance:com.weatherInfo.tests.WeatherInfoHomeTest@32eebfca]" name="teardown" is-config="true" duration-ms="1836" started-at="2020-12-17T06:28:33Z" finished-at="2020-12-17T06:28:35Z">
          <reporter-output>
          </reporter-output>
        </test-method> <!-- teardown -->
      </class> <!-- com.weatherInfo.tests.WeatherInfoHomeTest -->
    </test> <!-- RegressionTests -->
  </suite> <!-- Suite -->
</testng-results>
